[Sat Feb 21 18:46:54 2015] [debug] Reading configuration file "/home/elemer/store/store_app/store_app.conf"
[Sat Feb 21 18:46:54 2015] [info] Listening at "http://*:3000"
[Sat Feb 21 18:47:02 2015] [debug] Reading configuration file "/home/elemer/store/store_app/store_app.conf"
[Sat Feb 21 18:47:02 2015] [info] Listening at "http://*:3000"
[Sat Feb 21 18:47:10 2015] [debug] Your secret passphrase needs to be changed
[Sat Feb 21 18:47:10 2015] [debug] GET "/"
[Sat Feb 21 18:47:10 2015] [debug] Routing to controller "StoreApp::Controller::Example" and action "welcome"
[Sat Feb 21 18:47:10 2015] [debug] Rendering template "example/welcome.html.ep"
[Sat Feb 21 18:47:10 2015] [debug] Rendering template "layouts/default.html.ep"
[Sat Feb 21 18:47:10 2015] [debug] 200 OK (0.005867s, 170.445/s)
[Sat Feb 21 18:47:22 2015] [debug] Reading configuration file "/home/elemer/store/store_app/store_app.conf"
[Sat Feb 21 18:47:22 2015] [info] Listening at "http://*:3000"
[Sat Feb 21 18:47:50 2015] [debug] Reading configuration file "/home/elemer/store/store_app/store_app.conf"
[Sat Feb 21 18:47:50 2015] [info] Listening at "http://*:3000"
[Sat Feb 21 18:48:04 2015] [debug] Reading configuration file "/home/elemer/store/store_app/store_app.conf"
[Sat Feb 21 18:48:25 2015] [debug] Reading configuration file "/home/elemer/store/store_app/store_app.conf"
[Sat Feb 21 18:51:39 2015] [debug] Reading configuration file "/home/elemer/store/store_app/store_app.conf"
[Sat Feb 21 18:51:56 2015] [debug] Reading configuration file "/home/elemer/store/store_app/store_app.conf"
[Sat Feb 21 18:52:01 2015] [debug] Reading configuration file "/home/elemer/store/store_app/store_app.conf"
[Sat Feb 21 18:52:09 2015] [debug] Reading configuration file "/home/elemer/store/store_app/store_app.conf"
[Sat Feb 21 18:52:16 2015] [debug] Reading configuration file "/home/elemer/store/store_app/store_app.conf"
[Sat Feb 21 18:52:23 2015] [debug] Reading configuration file "/home/elemer/store/store_app/store_app.conf"
[Sat Feb 21 18:52:25 2015] [debug] Reading configuration file "/home/elemer/store/store_app/store_app.conf"
[Sat Feb 21 18:52:36 2015] [debug] Reading configuration file "/home/elemer/store/store_app/store_app.conf"
[Sat Feb 21 18:53:17 2015] [debug] Reading configuration file "/home/elemer/store/store_app/store_app.conf"
[Sat Feb 21 18:53:28 2015] [debug] Reading configuration file "/home/elemer/store/store_app/store_app.conf"
[Sat Feb 21 18:53:34 2015] [debug] Reading configuration file "/home/elemer/store/store_app/store_app.conf"
[Sat Feb 21 18:53:43 2015] [debug] Reading configuration file "/home/elemer/store/store_app/store_app.conf"
[Sat Feb 21 18:53:54 2015] [debug] Your secret passphrase needs to be changed
[Sat Feb 21 18:53:54 2015] [debug] GET "/"
[Sat Feb 21 18:53:54 2015] [debug] Routing to controller "StoreApp::Controller::Example" and action "welcome"
[Sat Feb 21 18:53:54 2015] [debug] Rendering template "example/welcome.html.ep"
[Sat Feb 21 18:53:54 2015] [debug] Rendering template "layouts/default.html.ep"
[Sat Feb 21 18:53:54 2015] [debug] 200 OK (0.006370s, 156.986/s)
